<?xml version="1.0" encoding="UTF-8"?>
<!-- Generated by org.testng.reporters.JUnitReportReporter -->
<testsuite hostname="DESKTOP-RIONQTI" failures="0" tests="1" name="trainingApi.PostRequest" time="1.600" errors="0" timestamp="2023-03-25T23:13:58 CAT" skipped="0">
  <testcase classname="trainingApi.PostRequest" name="createUser" time="1.600"/>
  <system-out/>
</testsuite> <!-- trainingApi.PostRequest -->
