<?xml version="1.0" encoding="UTF-8"?>
<!-- Generated by org.testng.reporters.JUnitReportReporter -->
<testsuite hostname="DESKTOP-RIONQTI" failures="0" tests="2" name="trainingApi.GetRequests" time="1.473" errors="0" timestamp="2023-03-25T22:39:02 CAT" skipped="0">
  <testcase classname="trainingApi.GetRequests" name="getListUsers" time="0.104"/>
  <system-out/>
  <testcase classname="trainingApi.GetRequests" name="getListUser" time="1.369"/>
  <system-out/>
</testsuite> <!-- trainingApi.GetRequests -->
